-------------------------------------------------------------------------------
Test set: com.ssa.ironyard.web.PropertyControllerTest
-------------------------------------------------------------------------------
Tests run: 1, Failures: 1, Errors: 0, Skipped: 0, Time elapsed: 0 sec <<< FAILURE! - in com.ssa.ironyard.web.PropertyControllerTest
test(com.ssa.ironyard.web.PropertyControllerTest)  Time elapsed: 0 sec  <<< FAILURE!
java.lang.AssertionError: Not yet implemented
	at org.junit.Assert.fail(Assert.java:88)
	at com.ssa.ironyard.web.PropertyControllerTest.test(PropertyControllerTest.java:13)

